2026-06-19 08:33:59,184 | INFO | Prediction requested.
2026-06-19 08:33:59,342 | INFO | Prediction: Genuine | Confidence: 66.00%
2026-06-19 08:40:55,217 | INFO | Model loaded successfully.
2026-06-19 08:41:23,562 | INFO | Prediction requested.
2026-06-19 08:41:23,672 | INFO | Prediction: Genuine | Confidence: 66.00%
2026-06-19 08:43:31,592 | INFO | Model loaded successfully.
2026-06-19 14:53:34,250 | INFO | Model loaded successfully.
2026-06-19 14:54:26,874 | INFO | Prediction requested.
2026-06-19 14:54:26,964 | INFO | Prediction: Genuine | Confidence: 66.00%
2026-06-19 14:54:32,549 | INFO | Prediction requested.
2026-06-19 14:54:32,641 | INFO | Prediction: Genuine | Confidence: 66.00%
2026-06-19 15:08:00,433 | INFO | Prediction requested.
2026-06-19 15:08:00,496 | INFO | Prediction: Genuine | Confidence: 66.00%
2026-06-20 07:46:10,187 | INFO | Model loaded successfully.
2026-06-20 07:46:36,423 | INFO | Prediction requested.
2026-06-20 07:46:36,476 | INFO | Prediction: Genuine | Confidence: 66.00%
2026-06-21 08:25:59,819 | INFO | Model loaded successfully.
2026-06-21 10:05:48,979 | ERROR | Exception in callback _ProactorBasePipeTransport._call_connection_lost()
handle: <Handle _ProactorBasePipeTransport._call_connection_lost()>
Traceback (most recent call last):
  File "C:\Users\Nikhil\AppData\Local\Programs\Python\Python313\Lib\asyncio\events.py", line 89, in _run
    self._context.run(self._callback, *self._args)
    ~~~~~~~~~~~~~~~~~^^^^^^^^^^^^^^^^^^^^^^^^^^^^^
  File "C:\Users\Nikhil\AppData\Local\Programs\Python\Python313\Lib\asyncio\proactor_events.py", line 165, in _call_connection_lost
    self._sock.shutdown(socket.SHUT_RDWR)
    ~~~~~~~~~~~~~~~~~~~^^^^^^^^^^^^^^^^^^
ConnectionResetError: [WinError 10054] An existing connection was forcibly closed by the remote host
2026-06-21 10:35:22,240 | INFO | Model loaded successfully.
2026-06-21 10:36:46,378 | INFO | Model loaded successfully.
2026-06-21 10:42:10,213 | INFO | Model loaded successfully.
2026-06-21 12:17:43,457 | INFO | Prediction requested.
2026-06-21 12:17:43,657 | INFO | Prediction: Genuine | Confidence: 66.00%
2026-06-22 09:00:20,494 | INFO | Model loaded successfully.
2026-06-22 09:00:58,317 | INFO | Prediction requested.
2026-06-22 09:00:58,443 | INFO | Prediction: Genuine | Confidence: 66.00%
2026-06-22 09:03:25,131 | WARNING | Could not get FontBBox from font descriptor because None cannot be parsed as 4 floats
2026-06-22 09:03:37,451 | WARNING | Could not get FontBBox from font descriptor because None cannot be parsed as 4 floats
2026-06-22 09:03:39,019 | INFO | Prediction requested.
2026-06-22 09:03:39,104 | INFO | Prediction: Genuine | Confidence: 99.00%
2026-06-22 09:03:43,153 | WARNING | Could not get FontBBox from font descriptor because None cannot be parsed as 4 floats
2026-06-22 09:03:44,741 | INFO | Prediction requested.
2026-06-22 09:03:44,832 | INFO | Prediction: Genuine | Confidence: 99.00%
2026-06-22 09:03:50,972 | WARNING | Could not get FontBBox from font descriptor because None cannot be parsed as 4 floats
2026-06-22 09:03:51,896 | WARNING | Could not get FontBBox from font descriptor because None cannot be parsed as 4 floats
2026-06-22 09:03:55,379 | INFO | Prediction requested.
2026-06-22 09:03:55,487 | INFO | Prediction: Genuine | Confidence: 99.00%
2026-06-22 09:08:36,110 | WARNING | Could not get FontBBox from font descriptor because None cannot be parsed as 4 floats
2026-06-22 09:09:01,464 | WARNING | Could not get FontBBox from font descriptor because None cannot be parsed as 4 floats
2026-06-22 09:09:03,485 | INFO | Prediction requested.
2026-06-22 09:09:03,590 | INFO | Prediction: Genuine | Confidence: 99.00%
2026-06-22 09:09:09,938 | WARNING | Could not get FontBBox from font descriptor because None cannot be parsed as 4 floats
2026-06-22 09:09:39,962 | WARNING | Could not get FontBBox from font descriptor because None cannot be parsed as 4 floats
2026-06-22 09:09:41,636 | INFO | Prediction requested.
2026-06-22 09:09:41,721 | INFO | Prediction: Genuine | Confidence: 99.00%
2026-06-22 09:09:48,249 | WARNING | Could not get FontBBox from font descriptor because None cannot be parsed as 4 floats
2026-06-22 09:10:37,976 | INFO | Prediction requested.
2026-06-22 09:10:38,139 | INFO | Prediction: Genuine | Confidence: 100.00%
2026-06-22 09:11:11,883 | INFO | Prediction requested.
2026-06-22 09:11:12,036 | INFO | Prediction: Genuine | Confidence: 66.71%
2026-06-22 09:22:59,708 | INFO | Prediction requested.
2026-06-22 09:22:59,800 | INFO | Prediction: Genuine | Confidence: 66.00%
2026-06-22 09:23:13,332 | INFO | Prediction requested.
2026-06-22 09:23:13,394 | INFO | Prediction: Genuine | Confidence: 66.00%
2026-06-22 09:23:14,394 | INFO | Prediction requested.
2026-06-22 09:23:14,451 | INFO | Prediction: Genuine | Confidence: 66.00%
2026-06-22 09:23:14,750 | INFO | Prediction requested.
2026-06-22 09:23:14,799 | INFO | Prediction: Genuine | Confidence: 66.00%
2026-06-22 09:23:15,204 | INFO | Prediction requested.
2026-06-22 09:23:15,269 | INFO | Prediction: Genuine | Confidence: 66.00%
2026-06-22 09:23:15,552 | INFO | Prediction requested.
2026-06-22 09:23:15,607 | INFO | Prediction: Genuine | Confidence: 66.00%
2026-06-22 09:23:15,882 | INFO | Prediction requested.
2026-06-22 09:23:15,931 | INFO | Prediction: Genuine | Confidence: 66.00%
2026-06-22 09:23:16,214 | INFO | Prediction requested.
2026-06-22 09:23:16,267 | INFO | Prediction: Genuine | Confidence: 66.00%
2026-06-22 09:23:16,673 | INFO | Prediction requested.
2026-06-22 09:23:16,746 | INFO | Prediction: Genuine | Confidence: 66.00%
2026-06-22 10:27:17,747 | INFO | Model loaded successfully.
2026-06-22 10:27:38,647 | INFO | Prediction requested.
2026-06-22 10:27:38,795 | INFO | Prediction: Genuine | Confidence: 66.00%
